2023-12-31 18:17:05	[35mDEBUG[0m	middlewares/logger.go:67	HTTP Access Log	{"status": 200, "request": "POST /v1/auth/signup/phone/exist", "query": "", "ip": "::1", "user-agent": "PostmanRuntime/7.36.0", "errors": "", "time": "1.224ms", "Request Body": "{\n     \"phone\" : \"12345678901\"\n}", "Response Body": "{\"exist\":true}"}
2023-12-31 18:44:43	[31mERROR[0m	middlewares/recovery.go:43	recovery from panic	{"time": "2023-12-31 18:44:43", "error": "这是Panic测试", "request": "POST /v1/auth/signup/phone/exist HTTP/1.1\r\nHost: localhost:2001\r\nAccept: */*\r\nAccept-Encoding: gzip, deflate, br\r\nCache-Control: no-cache\r\nConnection: keep-alive\r\nContent-Length: 32\r\nContent-Type: application/json\r\nPostman-Token: f524a594-41fd-4d7c-87e2-b804a2fb91e4\r\nUser-Agent: PostmanRuntime/7.36.0\r\n\r\n{\n     \"phone\" : \"12345678901\"\n}", "stacktrace": "golearning/bootstrap.registerGlobalMiddleWare.Recovery.func2.1\n\t/Users/liugermer/go/src/github.com/germer/golearning/app/http/middlewares/recovery.go:47\nruntime.gopanic\n\t/usr/local/go/src/runtime/panic.go:914\ngolearning/app/http/controllers/api/v1/auth.(*SignupController).IsPhoneExist\n\t/Users/liugermer/go/src/github.com/germer/golearning/app/http/controllers/api/v1/auth/signup_controller.go:16\ngithub.com/gin-gonic/gin.(*Context).Next\n\t/Users/liugermer/go/pkg/mod/github.com/gin-gonic/gin@v1.9.1/context.go:174\ngolearning/bootstrap.registerGlobalMiddleWare.Recovery.func2\n\t/Users/liugermer/go/src/github.com/germer/golearning/app/http/middlewares/recovery.go:54\ngithub.com/gin-gonic/gin.(*Context).Next\n\t/Users/liugermer/go/pkg/mod/github.com/gin-gonic/gin@v1.9.1/context.go:174\ngolearning/bootstrap.registerGlobalMiddleWare.Logger.func1\n\t/Users/liugermer/go/src/github.com/germer/golearning/app/http/middlewares/logger.go:40\ngithub.com/gin-gonic/gin.(*Context).Next\n\t/Users/liugermer/go/pkg/mod/github.com/gin-gonic/gin@v1.9.1/context.go:174\ngithub.com/gin-gonic/gin.(*Engine).handleHTTPRequest\n\t/Users/liugermer/go/pkg/mod/github.com/gin-gonic/gin@v1.9.1/gin.go:620\ngithub.com/gin-gonic/gin.(*Engine).ServeHTTP\n\t/Users/liugermer/go/pkg/mod/github.com/gin-gonic/gin@v1.9.1/gin.go:576\nnet/http.serverHandler.ServeHTTP\n\t/usr/local/go/src/net/http/server.go:2938\nnet/http.(*conn).serve\n\t/usr/local/go/src/net/http/server.go:2009"}
golearning/bootstrap.registerGlobalMiddleWare.Recovery.func2.1
	/Users/liugermer/go/src/github.com/germer/golearning/app/http/middlewares/recovery.go:43
runtime.gopanic
	/usr/local/go/src/runtime/panic.go:914
golearning/app/http/controllers/api/v1/auth.(*SignupController).IsPhoneExist
	/Users/liugermer/go/src/github.com/germer/golearning/app/http/controllers/api/v1/auth/signup_controller.go:16
github.com/gin-gonic/gin.(*Context).Next
	/Users/liugermer/go/pkg/mod/github.com/gin-gonic/gin@v1.9.1/context.go:174
golearning/bootstrap.registerGlobalMiddleWare.Recovery.func2
	/Users/liugermer/go/src/github.com/germer/golearning/app/http/middlewares/recovery.go:54
github.com/gin-gonic/gin.(*Context).Next
	/Users/liugermer/go/pkg/mod/github.com/gin-gonic/gin@v1.9.1/context.go:174
golearning/bootstrap.registerGlobalMiddleWare.Logger.func1
	/Users/liugermer/go/src/github.com/germer/golearning/app/http/middlewares/logger.go:40
github.com/gin-gonic/gin.(*Context).Next
	/Users/liugermer/go/pkg/mod/github.com/gin-gonic/gin@v1.9.1/context.go:174
github.com/gin-gonic/gin.(*Engine).handleHTTPRequest
	/Users/liugermer/go/pkg/mod/github.com/gin-gonic/gin@v1.9.1/gin.go:620
github.com/gin-gonic/gin.(*Engine).ServeHTTP
	/Users/liugermer/go/pkg/mod/github.com/gin-gonic/gin@v1.9.1/gin.go:576
net/http.serverHandler.ServeHTTP
	/usr/local/go/src/net/http/server.go:2938
net/http.(*conn).serve
	/usr/local/go/src/net/http/server.go:2009
2023-12-31 18:44:43	[31mERROR[0m	middlewares/logger.go:65	HTTP Error 500	{"status": 500, "request": "POST /v1/auth/signup/phone/exist", "query": "", "ip": "::1", "user-agent": "PostmanRuntime/7.36.0", "errors": "", "time": "1.944ms", "Request Body": "{\n     \"phone\" : \"12345678901\"\n}", "Response Body": "{\"message\":\"服务器内部错误，请稍后再试\"}"}
golearning/bootstrap.registerGlobalMiddleWare.Logger.func1
	/Users/liugermer/go/src/github.com/germer/golearning/app/http/middlewares/logger.go:65
github.com/gin-gonic/gin.(*Context).Next
	/Users/liugermer/go/pkg/mod/github.com/gin-gonic/gin@v1.9.1/context.go:174
github.com/gin-gonic/gin.(*Engine).handleHTTPRequest
	/Users/liugermer/go/pkg/mod/github.com/gin-gonic/gin@v1.9.1/gin.go:620
github.com/gin-gonic/gin.(*Engine).ServeHTTP
	/Users/liugermer/go/pkg/mod/github.com/gin-gonic/gin@v1.9.1/gin.go:576
net/http.serverHandler.ServeHTTP
	/usr/local/go/src/net/http/server.go:2938
net/http.(*conn).serve
	/usr/local/go/src/net/http/server.go:2009
2023-12-31 19:00:16	[35mDEBUG[0m	mysql@v1.5.2/migrator.go:326	Database Query	{"sql": "SELECT DATABASE()", "time": "0.106ms", "rows": -1}
2023-12-31 19:00:16	[35mDEBUG[0m	mysql@v1.5.2/migrator.go:329	Database Query	{"sql": "SELECT SCHEMA_NAME from Information_schema.SCHEMATA where SCHEMA_NAME LIKE 'golearning%' ORDER BY SCHEMA_NAME='golearning' DESC,SCHEMA_NAME limit 1", "time": "0.639ms", "rows": 1}
2023-12-31 19:00:16	[35mDEBUG[0m	bootstrap/database.go:53	Database Query	{"sql": "SELECT count(*) FROM information_schema.tables WHERE table_schema = 'golearning' AND table_name = 'users' AND table_type = 'BASE TABLE'", "time": "0.948ms", "rows": -1}
2023-12-31 19:00:16	[35mDEBUG[0m	mysql@v1.5.2/migrator.go:326	Database Query	{"sql": "SELECT DATABASE()", "time": "0.108ms", "rows": -1}
2023-12-31 19:00:16	[35mDEBUG[0m	mysql@v1.5.2/migrator.go:329	Database Query	{"sql": "SELECT SCHEMA_NAME from Information_schema.SCHEMATA where SCHEMA_NAME LIKE 'golearning%' ORDER BY SCHEMA_NAME='golearning' DESC,SCHEMA_NAME limit 1", "time": "0.446ms", "rows": 1}
2023-12-31 19:00:16	[35mDEBUG[0m	mysql@v1.5.2/migrator.go:235	Database Query	{"sql": "SELECT * FROM `users` LIMIT 1", "time": "0.149ms", "rows": -1}
2023-12-31 19:00:16	[35mDEBUG[0m	mysql@v1.5.2/migrator.go:257	Database Query	{"sql": "SELECT column_name, column_default, is_nullable = 'YES', data_type, character_maximum_length, column_type, column_key, extra, column_comment, numeric_precision, numeric_scale , datetime_precision FROM information_schema.columns WHERE table_schema = 'golearning' AND table_name = 'users' ORDER BY ORDINAL_POSITION", "time": "0.928ms", "rows": -1}
2023-12-31 19:00:16	[35mDEBUG[0m	mysql@v1.5.2/migrator.go:326	Database Query	{"sql": "SELECT DATABASE()", "time": "0.152ms", "rows": -1}
2023-12-31 19:00:16	[35mDEBUG[0m	mysql@v1.5.2/migrator.go:329	Database Query	{"sql": "SELECT SCHEMA_NAME from Information_schema.SCHEMATA where SCHEMA_NAME LIKE 'golearning%' ORDER BY SCHEMA_NAME='golearning' DESC,SCHEMA_NAME limit 1", "time": "0.648ms", "rows": 1}
2023-12-31 19:00:16	[35mDEBUG[0m	bootstrap/database.go:53	Database Query	{"sql": "SELECT count(*) FROM information_schema.statistics WHERE table_schema = 'golearning' AND table_name = 'users' AND index_name = 'idx_users_created_at'", "time": "1.051ms", "rows": -1}
2023-12-31 19:00:16	[35mDEBUG[0m	mysql@v1.5.2/migrator.go:326	Database Query	{"sql": "SELECT DATABASE()", "time": "0.119ms", "rows": -1}
2023-12-31 19:00:16	[35mDEBUG[0m	mysql@v1.5.2/migrator.go:329	Database Query	{"sql": "SELECT SCHEMA_NAME from Information_schema.SCHEMATA where SCHEMA_NAME LIKE 'golearning%' ORDER BY SCHEMA_NAME='golearning' DESC,SCHEMA_NAME limit 1", "time": "0.527ms", "rows": 1}
2023-12-31 19:00:16	[35mDEBUG[0m	bootstrap/database.go:53	Database Query	{"sql": "SELECT count(*) FROM information_schema.statistics WHERE table_schema = 'golearning' AND table_name = 'users' AND index_name = 'idx_users_updated_at'", "time": "0.728ms", "rows": -1}
2023-12-31 19:00:53	[35mDEBUG[0m	user/user_util.go:15	Database Query	{"sql": "SELECT count(*) FROM `users` WHERE phone = '12345678901'", "time": "0.807ms", "rows": 1}
2023-12-31 19:00:53	[35mDEBUG[0m	middlewares/logger.go:67	HTTP Access Log	{"status": 200, "request": "POST /v1/auth/signup/phone/exist", "query": "", "ip": "::1", "user-agent": "PostmanRuntime/7.36.0", "errors": "", "time": "2.107ms", "Request Body": "{\n     \"phone\" : \"12345678901\"\n}", "Response Body": "{\"exist\":true}"}
